2022-05-12 01:16:31,133 - Initializing Velocity, Calling init()...
2022-05-12 01:16:31,134 - Starting Apache Velocity v1.7 (compiled: 2010-11-19 12:14:37)
2022-05-12 01:16:31,134 - Default Properties File: org\apache\velocity\runtime\defaults\velocity.properties
2022-05-12 01:16:31,134 - Trying to use logger class org.apache.velocity.runtime.log.AvalonLogChute
2022-05-12 01:16:31,134 - Target log system for org.apache.velocity.runtime.log.AvalonLogChute is not available (java.lang.NoClassDefFoundError: org/apache/log/format/Formatter).  Falling back to next log system...
2022-05-12 01:16:31,134 - Trying to use logger class org.apache.velocity.runtime.log.Log4JLogChute
2022-05-12 01:16:31,134 - Using logger class org.apache.velocity.runtime.log.Log4JLogChute
2022-05-12 01:16:31,136 - ResourceLoader instantiated: org.apache.velocity.runtime.resource.loader.ClasspathResourceLoader
2022-05-12 01:16:31,143 - ResourceCache: initialized (class org.apache.velocity.runtime.resource.ResourceCacheImpl) with class java.util.Collections$SynchronizedMap cache map.
2022-05-12 01:16:31,144 - Loaded System Directive: org.apache.velocity.runtime.directive.Stop
2022-05-12 01:16:31,145 - Loaded System Directive: org.apache.velocity.runtime.directive.Define
2022-05-12 01:16:31,145 - Loaded System Directive: org.apache.velocity.runtime.directive.Break
2022-05-12 01:16:31,145 - Loaded System Directive: org.apache.velocity.runtime.directive.Evaluate
2022-05-12 01:16:31,146 - Loaded System Directive: org.apache.velocity.runtime.directive.Literal
2022-05-12 01:16:31,146 - Loaded System Directive: org.apache.velocity.runtime.directive.Macro
2022-05-12 01:16:31,147 - Loaded System Directive: org.apache.velocity.runtime.directive.Parse
2022-05-12 01:16:31,147 - Loaded System Directive: org.apache.velocity.runtime.directive.Include
2022-05-12 01:16:31,148 - Loaded System Directive: org.apache.velocity.runtime.directive.Foreach
2022-05-12 01:16:31,164 - Created '20' parsers.
2022-05-12 01:16:31,166 - Velocimacro : "velocimacro.library" is not set.  Trying default library: VM_global_library.vm
2022-05-12 01:16:31,166 - Could not load resource 'VM_global_library.vm' from ResourceLoader org.apache.velocity.runtime.resource.loader.ClasspathResourceLoader: ClasspathResourceLoader Error: cannot find resource VM_global_library.vm
2022-05-12 01:16:31,166 - Velocimacro : Default library not found.
2022-05-12 01:16:31,166 - Velocimacro : allowInline = true : VMs can be defined inline in templates
2022-05-12 01:16:31,166 - Velocimacro : allowInlineToOverride = false : VMs defined inline may NOT replace previous VM definitions
2022-05-12 01:16:31,166 - Velocimacro : allowInlineLocal = false : VMs defined inline will be global in scope if allowed.
2022-05-12 01:16:31,166 - Velocimacro : autoload off : VM system will not automatically reload global library macros
2022-05-12 01:16:31,230 - ResourceManager : found templates/generators/errorpage.vm with loader org.apache.velocity.runtime.resource.loader.ClasspathResourceLoader
2022-05-12 01:16:31,233 - ResourceManager : found /templates/headers.vm with loader org.apache.velocity.runtime.resource.loader.ClasspathResourceLoader
2022-05-12 01:16:31,233 - ResourceManager : found /templates/head.vm with loader org.apache.velocity.runtime.resource.loader.ClasspathResourceLoader
2022-05-12 01:16:31,234 - Velocimacro : added VM stringArray: source=/templates/macros/array.js.vm
2022-05-12 01:16:31,235 - Velocimacro : added VM numberArray: source=/templates/macros/array.js.vm
2022-05-12 01:16:31,235 - ResourceManager : found /templates/macros/array.js.vm with loader org.apache.velocity.runtime.resource.loader.ClasspathResourceLoader
2022-05-12 01:16:31,235 - Velocimacro : added VM includeBuildInfo: source=/templates/macros/page/buildinfo.vm
2022-05-12 01:16:31,236 - ResourceManager : found /templates/macros/page/buildinfo.vm with loader org.apache.velocity.runtime.resource.loader.ClasspathResourceLoader
2022-05-12 01:16:31,237 - Velocimacro : added VM includeClassifications: source=/templates/macros/page/classifications.vm
2022-05-12 01:16:31,237 - ResourceManager : found /templates/macros/page/classifications.vm with loader org.apache.velocity.runtime.resource.loader.ClasspathResourceLoader
2022-05-12 01:16:31,238 - Velocimacro : added VM includeLead: source=/templates/macros/page/lead.vm
2022-05-12 01:16:31,238 - ResourceManager : found /templates/macros/page/lead.vm with loader org.apache.velocity.runtime.resource.loader.ClasspathResourceLoader
2022-05-12 01:16:31,239 - Velocimacro : added VM includeNavigation: source=/templates/macros/page/navigation.vm
2022-05-12 01:16:31,239 - ResourceManager : found /templates/macros/page/navigation.vm with loader org.apache.velocity.runtime.resource.loader.ClasspathResourceLoader
2022-05-12 01:16:31,240 - Velocimacro : added VM includeReportInfo: source=/templates/macros/page/reportInfo.vm
2022-05-12 01:16:31,240 - ResourceManager : found /templates/macros/page/reportInfo.vm with loader org.apache.velocity.runtime.resource.loader.ClasspathResourceLoader
2022-05-12 01:16:31,241 - Velocimacro : added VM includeTitle: source=/templates/macros/page/title.vm
2022-05-12 01:16:31,241 - ResourceManager : found /templates/macros/page/title.vm with loader org.apache.velocity.runtime.resource.loader.ClasspathResourceLoader
2022-05-12 01:16:31,241 - Velocimacro : added VM includeExpandingButtons: source=/templates/macros/report/expandAllButtons.vm
2022-05-12 01:16:31,241 - ResourceManager : found /templates/macros/report/expandAllButtons.vm with loader org.apache.velocity.runtime.resource.loader.ClasspathResourceLoader
2022-05-12 01:16:31,243 - Velocimacro : added VM includeReportTable: source=/templates/macros/report/reportTable.vm
2022-05-12 01:16:31,243 - ResourceManager : found /templates/macros/report/reportTable.vm with loader org.apache.velocity.runtime.resource.loader.ClasspathResourceLoader
2022-05-12 01:16:31,244 - Velocimacro : added VM includeReportHeader: source=/templates/macros/report/reportHeader.vm
2022-05-12 01:16:31,244 - ResourceManager : found /templates/macros/report/reportHeader.vm with loader org.apache.velocity.runtime.resource.loader.ClasspathResourceLoader
2022-05-12 01:16:31,247 - Velocimacro : added VM includeStatsTable: source=/templates/macros/report/statsTable.vm
2022-05-12 01:16:31,247 - ResourceManager : found /templates/macros/report/statsTable.vm with loader org.apache.velocity.runtime.resource.loader.ClasspathResourceLoader
2022-05-12 01:16:31,247 - Velocimacro : added VM includeBrief: source=/templates/macros/json/brief.vm
2022-05-12 01:16:31,247 - ResourceManager : found /templates/macros/json/brief.vm with loader org.apache.velocity.runtime.resource.loader.ClasspathResourceLoader
2022-05-12 01:16:31,248 - Velocimacro : added VM includeDocString: source=/templates/macros/json/docstring.vm
2022-05-12 01:16:31,248 - ResourceManager : found /templates/macros/json/docstring.vm with loader org.apache.velocity.runtime.resource.loader.ClasspathResourceLoader
2022-05-12 01:16:31,249 - Velocimacro : added VM includeDuration: source=/templates/macros/json/duration.vm
2022-05-12 01:16:31,249 - ResourceManager : found /templates/macros/json/duration.vm with loader org.apache.velocity.runtime.resource.loader.ClasspathResourceLoader
2022-05-12 01:16:31,251 - Velocimacro : added VM includeElement: source=/templates/macros/json/element.vm
2022-05-12 01:16:31,251 - ResourceManager : found /templates/macros/json/element.vm with loader org.apache.velocity.runtime.resource.loader.ClasspathResourceLoader
2022-05-12 01:16:31,255 - Velocimacro : added VM includeEmbeddings: source=/templates/macros/json/embeddings.vm
2022-05-12 01:16:31,255 - Velocimacro : added VM includeHtmlEmbedding: source=/templates/macros/json/embeddings.vm
2022-05-12 01:16:31,255 - Velocimacro : added VM includeVideoEmbedding: source=/templates/macros/json/embeddings.vm
2022-05-12 01:16:31,256 - Velocimacro : added VM includeImageEmbedding: source=/templates/macros/json/embeddings.vm
2022-05-12 01:16:31,256 - Velocimacro : added VM includeImageReferenceEmbedding: source=/templates/macros/json/embeddings.vm
2022-05-12 01:16:31,256 - Velocimacro : added VM includeTextEmbedding: source=/templates/macros/json/embeddings.vm
2022-05-12 01:16:31,256 - Velocimacro : added VM includeUnknownEmbedding: source=/templates/macros/json/embeddings.vm
2022-05-12 01:16:31,256 - ResourceManager : found /templates/macros/json/embeddings.vm with loader org.apache.velocity.runtime.resource.loader.ClasspathResourceLoader
2022-05-12 01:16:31,257 - Velocimacro : added VM includeHooks: source=/templates/macros/json/hooks.vm
2022-05-12 01:16:31,257 - ResourceManager : found /templates/macros/json/hooks.vm with loader org.apache.velocity.runtime.resource.loader.ClasspathResourceLoader
2022-05-12 01:16:31,258 - Velocimacro : added VM includeOutput: source=/templates/macros/json/output.vm
2022-05-12 01:16:31,258 - ResourceManager : found /templates/macros/json/output.vm with loader org.apache.velocity.runtime.resource.loader.ClasspathResourceLoader
2022-05-12 01:16:31,259 - Velocimacro : added VM includeMessage: source=/templates/macros/json/message.vm
2022-05-12 01:16:31,259 - ResourceManager : found /templates/macros/json/message.vm with loader org.apache.velocity.runtime.resource.loader.ClasspathResourceLoader
2022-05-12 01:16:31,259 - Velocimacro : added VM includeSteps: source=/templates/macros/json/steps.vm
2022-05-12 01:16:31,259 - ResourceManager : found /templates/macros/json/steps.vm with loader org.apache.velocity.runtime.resource.loader.ClasspathResourceLoader
2022-05-12 01:16:31,260 - Velocimacro : added VM includeStepName: source=/templates/macros/json/stepName.vm
2022-05-12 01:16:31,260 - ResourceManager : found /templates/macros/json/stepName.vm with loader org.apache.velocity.runtime.resource.loader.ClasspathResourceLoader
2022-05-12 01:16:31,260 - Velocimacro : added VM includeTags: source=/templates/macros/json/tags.vm
2022-05-12 01:16:31,260 - ResourceManager : found /templates/macros/json/tags.vm with loader org.apache.velocity.runtime.resource.loader.ClasspathResourceLoader
2022-05-12 01:16:31,266 - VM #includeNavigation: too few arguments to macro. Wanted 1 got 0
2022-05-12 01:16:31,266 - Left side ($active_tab) of '==' operation has null value. If it is a reference, it may not be in the context or its toString() returned null. /templates/macros/page/navigation.vm[line 14, column 51]
2022-05-12 01:16:31,266 - Left side ($active_tab) of '==' operation has null value. If it is a reference, it may not be in the context or its toString() returned null. /templates/macros/page/navigation.vm[line 15, column 51]
2022-05-12 01:16:31,266 - Left side ($active_tab) of '==' operation has null value. If it is a reference, it may not be in the context or its toString() returned null. /templates/macros/page/navigation.vm[line 16, column 51]
2022-05-12 01:16:31,266 - Left side ($active_tab) of '==' operation has null value. If it is a reference, it may not be in the context or its toString() returned null. /templates/macros/page/navigation.vm[line 20, column 51]
2022-05-12 01:16:31,277 - ResourceManager : found /templates/footer.vm with loader org.apache.velocity.runtime.resource.loader.ClasspathResourceLoader
2022-05-12 01:19:12,974 - Log4JLogChute initialized using file 'target\velocity.log'
2022-05-12 01:19:12,974 - Initializing Velocity, Calling init()...
2022-05-12 01:19:12,974 - Starting Apache Velocity v1.7 (compiled: 2010-11-19 12:14:37)
2022-05-12 01:19:12,974 - Default Properties File: org\apache\velocity\runtime\defaults\velocity.properties
2022-05-12 01:19:12,974 - Trying to use logger class org.apache.velocity.runtime.log.AvalonLogChute
2022-05-12 01:19:12,974 - Target log system for org.apache.velocity.runtime.log.AvalonLogChute is not available (java.lang.NoClassDefFoundError: org/apache/log/format/Formatter).  Falling back to next log system...
2022-05-12 01:19:12,974 - Trying to use logger class org.apache.velocity.runtime.log.Log4JLogChute
2022-05-12 01:19:12,974 - Using logger class org.apache.velocity.runtime.log.Log4JLogChute
2022-05-12 01:19:12,975 - ResourceLoader instantiated: org.apache.velocity.runtime.resource.loader.ClasspathResourceLoader
2022-05-12 01:19:12,984 - ResourceCache: initialized (class org.apache.velocity.runtime.resource.ResourceCacheImpl) with class java.util.Collections$SynchronizedMap cache map.
2022-05-12 01:19:12,985 - Loaded System Directive: org.apache.velocity.runtime.directive.Stop
2022-05-12 01:19:12,986 - Loaded System Directive: org.apache.velocity.runtime.directive.Define
2022-05-12 01:19:12,986 - Loaded System Directive: org.apache.velocity.runtime.directive.Break
2022-05-12 01:19:12,987 - Loaded System Directive: org.apache.velocity.runtime.directive.Evaluate
2022-05-12 01:19:12,987 - Loaded System Directive: org.apache.velocity.runtime.directive.Literal
2022-05-12 01:19:12,988 - Loaded System Directive: org.apache.velocity.runtime.directive.Macro
2022-05-12 01:19:12,989 - Loaded System Directive: org.apache.velocity.runtime.directive.Parse
2022-05-12 01:19:12,989 - Loaded System Directive: org.apache.velocity.runtime.directive.Include
2022-05-12 01:19:12,990 - Loaded System Directive: org.apache.velocity.runtime.directive.Foreach
2022-05-12 01:19:13,006 - Created '20' parsers.
2022-05-12 01:19:13,008 - Velocimacro : "velocimacro.library" is not set.  Trying default library: VM_global_library.vm
2022-05-12 01:19:13,008 - Could not load resource 'VM_global_library.vm' from ResourceLoader org.apache.velocity.runtime.resource.loader.ClasspathResourceLoader: ClasspathResourceLoader Error: cannot find resource VM_global_library.vm
2022-05-12 01:19:13,008 - Velocimacro : Default library not found.
2022-05-12 01:19:13,008 - Velocimacro : allowInline = true : VMs can be defined inline in templates
2022-05-12 01:19:13,008 - Velocimacro : allowInlineToOverride = false : VMs defined inline may NOT replace previous VM definitions
2022-05-12 01:19:13,008 - Velocimacro : allowInlineLocal = false : VMs defined inline will be global in scope if allowed.
2022-05-12 01:19:13,009 - Velocimacro : autoload off : VM system will not automatically reload global library macros
2022-05-12 01:19:13,062 - ResourceManager : found templates/generators/errorpage.vm with loader org.apache.velocity.runtime.resource.loader.ClasspathResourceLoader
2022-05-12 01:19:13,066 - ResourceManager : found /templates/headers.vm with loader org.apache.velocity.runtime.resource.loader.ClasspathResourceLoader
2022-05-12 01:19:13,067 - ResourceManager : found /templates/head.vm with loader org.apache.velocity.runtime.resource.loader.ClasspathResourceLoader
2022-05-12 01:19:13,069 - Velocimacro : added VM stringArray: source=/templates/macros/array.js.vm
2022-05-12 01:19:13,069 - Velocimacro : added VM numberArray: source=/templates/macros/array.js.vm
2022-05-12 01:19:13,069 - ResourceManager : found /templates/macros/array.js.vm with loader org.apache.velocity.runtime.resource.loader.ClasspathResourceLoader
2022-05-12 01:19:13,070 - Velocimacro : added VM includeBuildInfo: source=/templates/macros/page/buildinfo.vm
2022-05-12 01:19:13,070 - ResourceManager : found /templates/macros/page/buildinfo.vm with loader org.apache.velocity.runtime.resource.loader.ClasspathResourceLoader
2022-05-12 01:19:13,072 - Velocimacro : added VM includeClassifications: source=/templates/macros/page/classifications.vm
2022-05-12 01:19:13,073 - ResourceManager : found /templates/macros/page/classifications.vm with loader org.apache.velocity.runtime.resource.loader.ClasspathResourceLoader
2022-05-12 01:19:13,073 - Velocimacro : added VM includeLead: source=/templates/macros/page/lead.vm
2022-05-12 01:19:13,073 - ResourceManager : found /templates/macros/page/lead.vm with loader org.apache.velocity.runtime.resource.loader.ClasspathResourceLoader
2022-05-12 01:19:13,074 - Velocimacro : added VM includeNavigation: source=/templates/macros/page/navigation.vm
2022-05-12 01:19:13,074 - ResourceManager : found /templates/macros/page/navigation.vm with loader org.apache.velocity.runtime.resource.loader.ClasspathResourceLoader
2022-05-12 01:19:13,075 - Velocimacro : added VM includeReportInfo: source=/templates/macros/page/reportInfo.vm
2022-05-12 01:19:13,076 - ResourceManager : found /templates/macros/page/reportInfo.vm with loader org.apache.velocity.runtime.resource.loader.ClasspathResourceLoader
2022-05-12 01:19:13,076 - Velocimacro : added VM includeTitle: source=/templates/macros/page/title.vm
2022-05-12 01:19:13,076 - ResourceManager : found /templates/macros/page/title.vm with loader org.apache.velocity.runtime.resource.loader.ClasspathResourceLoader
2022-05-12 01:19:13,077 - Velocimacro : added VM includeExpandingButtons: source=/templates/macros/report/expandAllButtons.vm
2022-05-12 01:19:13,077 - ResourceManager : found /templates/macros/report/expandAllButtons.vm with loader org.apache.velocity.runtime.resource.loader.ClasspathResourceLoader
2022-05-12 01:19:13,079 - Velocimacro : added VM includeReportTable: source=/templates/macros/report/reportTable.vm
2022-05-12 01:19:13,079 - ResourceManager : found /templates/macros/report/reportTable.vm with loader org.apache.velocity.runtime.resource.loader.ClasspathResourceLoader
2022-05-12 01:19:13,080 - Velocimacro : added VM includeReportHeader: source=/templates/macros/report/reportHeader.vm
2022-05-12 01:19:13,080 - ResourceManager : found /templates/macros/report/reportHeader.vm with loader org.apache.velocity.runtime.resource.loader.ClasspathResourceLoader
2022-05-12 01:19:13,082 - Velocimacro : added VM includeStatsTable: source=/templates/macros/report/statsTable.vm
2022-05-12 01:19:13,082 - ResourceManager : found /templates/macros/report/statsTable.vm with loader org.apache.velocity.runtime.resource.loader.ClasspathResourceLoader
2022-05-12 01:19:13,083 - Velocimacro : added VM includeBrief: source=/templates/macros/json/brief.vm
2022-05-12 01:19:13,083 - ResourceManager : found /templates/macros/json/brief.vm with loader org.apache.velocity.runtime.resource.loader.ClasspathResourceLoader
2022-05-12 01:19:13,083 - Velocimacro : added VM includeDocString: source=/templates/macros/json/docstring.vm
2022-05-12 01:19:13,084 - ResourceManager : found /templates/macros/json/docstring.vm with loader org.apache.velocity.runtime.resource.loader.ClasspathResourceLoader
2022-05-12 01:19:13,084 - Velocimacro : added VM includeDuration: source=/templates/macros/json/duration.vm
2022-05-12 01:19:13,084 - ResourceManager : found /templates/macros/json/duration.vm with loader org.apache.velocity.runtime.resource.loader.ClasspathResourceLoader
2022-05-12 01:19:13,085 - Velocimacro : added VM includeElement: source=/templates/macros/json/element.vm
2022-05-12 01:19:13,086 - ResourceManager : found /templates/macros/json/element.vm with loader org.apache.velocity.runtime.resource.loader.ClasspathResourceLoader
2022-05-12 01:19:13,091 - Velocimacro : added VM includeEmbeddings: source=/templates/macros/json/embeddings.vm
2022-05-12 01:19:13,092 - Velocimacro : added VM includeHtmlEmbedding: source=/templates/macros/json/embeddings.vm
2022-05-12 01:19:13,092 - Velocimacro : added VM includeVideoEmbedding: source=/templates/macros/json/embeddings.vm
2022-05-12 01:19:13,092 - Velocimacro : added VM includeImageEmbedding: source=/templates/macros/json/embeddings.vm
2022-05-12 01:19:13,092 - Velocimacro : added VM includeImageReferenceEmbedding: source=/templates/macros/json/embeddings.vm
2022-05-12 01:19:13,092 - Velocimacro : added VM includeTextEmbedding: source=/templates/macros/json/embeddings.vm
2022-05-12 01:19:13,092 - Velocimacro : added VM includeUnknownEmbedding: source=/templates/macros/json/embeddings.vm
2022-05-12 01:19:13,092 - ResourceManager : found /templates/macros/json/embeddings.vm with loader org.apache.velocity.runtime.resource.loader.ClasspathResourceLoader
2022-05-12 01:19:13,093 - Velocimacro : added VM includeHooks: source=/templates/macros/json/hooks.vm
2022-05-12 01:19:13,093 - ResourceManager : found /templates/macros/json/hooks.vm with loader org.apache.velocity.runtime.resource.loader.ClasspathResourceLoader
2022-05-12 01:19:13,095 - Velocimacro : added VM includeOutput: source=/templates/macros/json/output.vm
2022-05-12 01:19:13,095 - ResourceManager : found /templates/macros/json/output.vm with loader org.apache.velocity.runtime.resource.loader.ClasspathResourceLoader
2022-05-12 01:19:13,096 - Velocimacro : added VM includeMessage: source=/templates/macros/json/message.vm
2022-05-12 01:19:13,096 - ResourceManager : found /templates/macros/json/message.vm with loader org.apache.velocity.runtime.resource.loader.ClasspathResourceLoader
2022-05-12 01:19:13,097 - Velocimacro : added VM includeSteps: source=/templates/macros/json/steps.vm
2022-05-12 01:19:13,097 - ResourceManager : found /templates/macros/json/steps.vm with loader org.apache.velocity.runtime.resource.loader.ClasspathResourceLoader
2022-05-12 01:19:13,097 - Velocimacro : added VM includeStepName: source=/templates/macros/json/stepName.vm
2022-05-12 01:19:13,097 - ResourceManager : found /templates/macros/json/stepName.vm with loader org.apache.velocity.runtime.resource.loader.ClasspathResourceLoader
2022-05-12 01:19:13,097 - Velocimacro : added VM includeTags: source=/templates/macros/json/tags.vm
2022-05-12 01:19:13,097 - ResourceManager : found /templates/macros/json/tags.vm with loader org.apache.velocity.runtime.resource.loader.ClasspathResourceLoader
2022-05-12 01:19:13,102 - VM #includeNavigation: too few arguments to macro. Wanted 1 got 0
2022-05-12 01:19:13,102 - Left side ($active_tab) of '==' operation has null value. If it is a reference, it may not be in the context or its toString() returned null. /templates/macros/page/navigation.vm[line 14, column 51]
2022-05-12 01:19:13,102 - Left side ($active_tab) of '==' operation has null value. If it is a reference, it may not be in the context or its toString() returned null. /templates/macros/page/navigation.vm[line 15, column 51]
2022-05-12 01:19:13,102 - Left side ($active_tab) of '==' operation has null value. If it is a reference, it may not be in the context or its toString() returned null. /templates/macros/page/navigation.vm[line 16, column 51]
2022-05-12 01:19:13,102 - Left side ($active_tab) of '==' operation has null value. If it is a reference, it may not be in the context or its toString() returned null. /templates/macros/page/navigation.vm[line 20, column 51]
2022-05-12 01:19:13,112 - ResourceManager : found /templates/footer.vm with loader org.apache.velocity.runtime.resource.loader.ClasspathResourceLoader
2022-05-12 19:39:29,458 - Log4JLogChute initialized using file 'target\velocity.log'
2022-05-12 19:39:29,459 - Initializing Velocity, Calling init()...
2022-05-12 19:39:29,459 - Starting Apache Velocity v1.7 (compiled: 2010-11-19 12:14:37)
2022-05-12 19:39:29,459 - Default Properties File: org\apache\velocity\runtime\defaults\velocity.properties
2022-05-12 19:39:29,459 - Trying to use logger class org.apache.velocity.runtime.log.AvalonLogChute
2022-05-12 19:39:29,459 - Target log system for org.apache.velocity.runtime.log.AvalonLogChute is not available (java.lang.NoClassDefFoundError: org/apache/log/format/Formatter).  Falling back to next log system...
2022-05-12 19:39:29,459 - Trying to use logger class org.apache.velocity.runtime.log.Log4JLogChute
2022-05-12 19:39:29,459 - Using logger class org.apache.velocity.runtime.log.Log4JLogChute
2022-05-12 19:39:29,461 - ResourceLoader instantiated: org.apache.velocity.runtime.resource.loader.ClasspathResourceLoader
2022-05-12 19:39:29,468 - ResourceCache: initialized (class org.apache.velocity.runtime.resource.ResourceCacheImpl) with class java.util.Collections$SynchronizedMap cache map.
2022-05-12 19:39:29,469 - Loaded System Directive: org.apache.velocity.runtime.directive.Stop
2022-05-12 19:39:29,470 - Loaded System Directive: org.apache.velocity.runtime.directive.Define
2022-05-12 19:39:29,470 - Loaded System Directive: org.apache.velocity.runtime.directive.Break
2022-05-12 19:39:29,470 - Loaded System Directive: org.apache.velocity.runtime.directive.Evaluate
2022-05-12 19:39:29,470 - Loaded System Directive: org.apache.velocity.runtime.directive.Literal
2022-05-12 19:39:29,471 - Loaded System Directive: org.apache.velocity.runtime.directive.Macro
2022-05-12 19:39:29,471 - Loaded System Directive: org.apache.velocity.runtime.directive.Parse
2022-05-12 19:39:29,472 - Loaded System Directive: org.apache.velocity.runtime.directive.Include
2022-05-12 19:39:29,472 - Loaded System Directive: org.apache.velocity.runtime.directive.Foreach
2022-05-12 19:39:29,492 - Created '20' parsers.
2022-05-12 19:39:29,495 - Velocimacro : "velocimacro.library" is not set.  Trying default library: VM_global_library.vm
2022-05-12 19:39:29,495 - Could not load resource 'VM_global_library.vm' from ResourceLoader org.apache.velocity.runtime.resource.loader.ClasspathResourceLoader: ClasspathResourceLoader Error: cannot find resource VM_global_library.vm
2022-05-12 19:39:29,495 - Velocimacro : Default library not found.
2022-05-12 19:39:29,495 - Velocimacro : allowInline = true : VMs can be defined inline in templates
2022-05-12 19:39:29,495 - Velocimacro : allowInlineToOverride = false : VMs defined inline may NOT replace previous VM definitions
2022-05-12 19:39:29,495 - Velocimacro : allowInlineLocal = false : VMs defined inline will be global in scope if allowed.
2022-05-12 19:39:29,495 - Velocimacro : autoload off : VM system will not automatically reload global library macros
2022-05-12 19:39:29,549 - ResourceManager : found templates/generators/errorpage.vm with loader org.apache.velocity.runtime.resource.loader.ClasspathResourceLoader
2022-05-12 19:39:29,552 - ResourceManager : found /templates/headers.vm with loader org.apache.velocity.runtime.resource.loader.ClasspathResourceLoader
2022-05-12 19:39:29,553 - ResourceManager : found /templates/head.vm with loader org.apache.velocity.runtime.resource.loader.ClasspathResourceLoader
2022-05-12 19:39:29,555 - Velocimacro : added VM stringArray: source=/templates/macros/array.js.vm
2022-05-12 19:39:29,555 - Velocimacro : added VM numberArray: source=/templates/macros/array.js.vm
2022-05-12 19:39:29,555 - ResourceManager : found /templates/macros/array.js.vm with loader org.apache.velocity.runtime.resource.loader.ClasspathResourceLoader
2022-05-12 19:39:29,556 - Velocimacro : added VM includeBuildInfo: source=/templates/macros/page/buildinfo.vm
2022-05-12 19:39:29,556 - ResourceManager : found /templates/macros/page/buildinfo.vm with loader org.apache.velocity.runtime.resource.loader.ClasspathResourceLoader
2022-05-12 19:39:29,559 - Velocimacro : added VM includeClassifications: source=/templates/macros/page/classifications.vm
2022-05-12 19:39:29,559 - ResourceManager : found /templates/macros/page/classifications.vm with loader org.apache.velocity.runtime.resource.loader.ClasspathResourceLoader
2022-05-12 19:39:29,560 - Velocimacro : added VM includeLead: source=/templates/macros/page/lead.vm
2022-05-12 19:39:29,560 - ResourceManager : found /templates/macros/page/lead.vm with loader org.apache.velocity.runtime.resource.loader.ClasspathResourceLoader
2022-05-12 19:39:29,565 - Velocimacro : added VM includeNavigation: source=/templates/macros/page/navigation.vm
2022-05-12 19:39:29,565 - ResourceManager : found /templates/macros/page/navigation.vm with loader org.apache.velocity.runtime.resource.loader.ClasspathResourceLoader
2022-05-12 19:39:29,567 - Velocimacro : added VM includeReportInfo: source=/templates/macros/page/reportInfo.vm
2022-05-12 19:39:29,567 - ResourceManager : found /templates/macros/page/reportInfo.vm with loader org.apache.velocity.runtime.resource.loader.ClasspathResourceLoader
2022-05-12 19:39:29,568 - Velocimacro : added VM includeTitle: source=/templates/macros/page/title.vm
2022-05-12 19:39:29,568 - ResourceManager : found /templates/macros/page/title.vm with loader org.apache.velocity.runtime.resource.loader.ClasspathResourceLoader
2022-05-12 19:39:29,570 - Velocimacro : added VM includeExpandingButtons: source=/templates/macros/report/expandAllButtons.vm
2022-05-12 19:39:29,570 - ResourceManager : found /templates/macros/report/expandAllButtons.vm with loader org.apache.velocity.runtime.resource.loader.ClasspathResourceLoader
2022-05-12 19:39:29,574 - Velocimacro : added VM includeReportTable: source=/templates/macros/report/reportTable.vm
2022-05-12 19:39:29,574 - ResourceManager : found /templates/macros/report/reportTable.vm with loader org.apache.velocity.runtime.resource.loader.ClasspathResourceLoader
2022-05-12 19:39:29,575 - Velocimacro : added VM includeReportHeader: source=/templates/macros/report/reportHeader.vm
2022-05-12 19:39:29,575 - ResourceManager : found /templates/macros/report/reportHeader.vm with loader org.apache.velocity.runtime.resource.loader.ClasspathResourceLoader
2022-05-12 19:39:29,579 - Velocimacro : added VM includeStatsTable: source=/templates/macros/report/statsTable.vm
2022-05-12 19:39:29,579 - ResourceManager : found /templates/macros/report/statsTable.vm with loader org.apache.velocity.runtime.resource.loader.ClasspathResourceLoader
2022-05-12 19:39:29,580 - Velocimacro : added VM includeBrief: source=/templates/macros/json/brief.vm
2022-05-12 19:39:29,580 - ResourceManager : found /templates/macros/json/brief.vm with loader org.apache.velocity.runtime.resource.loader.ClasspathResourceLoader
2022-05-12 19:39:29,581 - Velocimacro : added VM includeDocString: source=/templates/macros/json/docstring.vm
2022-05-12 19:39:29,581 - ResourceManager : found /templates/macros/json/docstring.vm with loader org.apache.velocity.runtime.resource.loader.ClasspathResourceLoader
2022-05-12 19:39:29,582 - Velocimacro : added VM includeDuration: source=/templates/macros/json/duration.vm
2022-05-12 19:39:29,582 - ResourceManager : found /templates/macros/json/duration.vm with loader org.apache.velocity.runtime.resource.loader.ClasspathResourceLoader
2022-05-12 19:39:29,583 - Velocimacro : added VM includeElement: source=/templates/macros/json/element.vm
2022-05-12 19:39:29,583 - ResourceManager : found /templates/macros/json/element.vm with loader org.apache.velocity.runtime.resource.loader.ClasspathResourceLoader
2022-05-12 19:39:29,589 - Velocimacro : added VM includeEmbeddings: source=/templates/macros/json/embeddings.vm
2022-05-12 19:39:29,589 - Velocimacro : added VM includeHtmlEmbedding: source=/templates/macros/json/embeddings.vm
2022-05-12 19:39:29,589 - Velocimacro : added VM includeVideoEmbedding: source=/templates/macros/json/embeddings.vm
2022-05-12 19:39:29,589 - Velocimacro : added VM includeImageEmbedding: source=/templates/macros/json/embeddings.vm
2022-05-12 19:39:29,589 - Velocimacro : added VM includeImageReferenceEmbedding: source=/templates/macros/json/embeddings.vm
2022-05-12 19:39:29,589 - Velocimacro : added VM includeTextEmbedding: source=/templates/macros/json/embeddings.vm
2022-05-12 19:39:29,589 - Velocimacro : added VM includeUnknownEmbedding: source=/templates/macros/json/embeddings.vm
2022-05-12 19:39:29,589 - ResourceManager : found /templates/macros/json/embeddings.vm with loader org.apache.velocity.runtime.resource.loader.ClasspathResourceLoader
2022-05-12 19:39:29,590 - Velocimacro : added VM includeHooks: source=/templates/macros/json/hooks.vm
2022-05-12 19:39:29,590 - ResourceManager : found /templates/macros/json/hooks.vm with loader org.apache.velocity.runtime.resource.loader.ClasspathResourceLoader
2022-05-12 19:39:29,592 - Velocimacro : added VM includeOutput: source=/templates/macros/json/output.vm
2022-05-12 19:39:29,592 - ResourceManager : found /templates/macros/json/output.vm with loader org.apache.velocity.runtime.resource.loader.ClasspathResourceLoader
2022-05-12 19:39:29,592 - Velocimacro : added VM includeMessage: source=/templates/macros/json/message.vm
2022-05-12 19:39:29,592 - ResourceManager : found /templates/macros/json/message.vm with loader org.apache.velocity.runtime.resource.loader.ClasspathResourceLoader
2022-05-12 19:39:29,593 - Velocimacro : added VM includeSteps: source=/templates/macros/json/steps.vm
2022-05-12 19:39:29,594 - ResourceManager : found /templates/macros/json/steps.vm with loader org.apache.velocity.runtime.resource.loader.ClasspathResourceLoader
2022-05-12 19:39:29,595 - Velocimacro : added VM includeStepName: source=/templates/macros/json/stepName.vm
2022-05-12 19:39:29,595 - ResourceManager : found /templates/macros/json/stepName.vm with loader org.apache.velocity.runtime.resource.loader.ClasspathResourceLoader
2022-05-12 19:39:29,597 - Velocimacro : added VM includeTags: source=/templates/macros/json/tags.vm
2022-05-12 19:39:29,597 - ResourceManager : found /templates/macros/json/tags.vm with loader org.apache.velocity.runtime.resource.loader.ClasspathResourceLoader
2022-05-12 19:39:29,605 - VM #includeNavigation: too few arguments to macro. Wanted 1 got 0
2022-05-12 19:39:29,606 - Left side ($active_tab) of '==' operation has null value. If it is a reference, it may not be in the context or its toString() returned null. /templates/macros/page/navigation.vm[line 14, column 51]
2022-05-12 19:39:29,606 - Left side ($active_tab) of '==' operation has null value. If it is a reference, it may not be in the context or its toString() returned null. /templates/macros/page/navigation.vm[line 15, column 51]
2022-05-12 19:39:29,606 - Left side ($active_tab) of '==' operation has null value. If it is a reference, it may not be in the context or its toString() returned null. /templates/macros/page/navigation.vm[line 16, column 51]
2022-05-12 19:39:29,606 - Left side ($active_tab) of '==' operation has null value. If it is a reference, it may not be in the context or its toString() returned null. /templates/macros/page/navigation.vm[line 20, column 51]
2022-05-12 19:39:29,617 - ResourceManager : found /templates/footer.vm with loader org.apache.velocity.runtime.resource.loader.ClasspathResourceLoader
2022-05-18 18:14:39,219 - Log4JLogChute initialized using file 'target\velocity.log'
2022-05-18 18:14:39,220 - Initializing Velocity, Calling init()...
2022-05-18 18:14:39,220 - Starting Apache Velocity v1.7 (compiled: 2010-11-19 12:14:37)
2022-05-18 18:14:39,220 - Default Properties File: org\apache\velocity\runtime\defaults\velocity.properties
2022-05-18 18:14:39,220 - Trying to use logger class org.apache.velocity.runtime.log.AvalonLogChute
2022-05-18 18:14:39,220 - Target log system for org.apache.velocity.runtime.log.AvalonLogChute is not available (java.lang.NoClassDefFoundError: org/apache/log/format/Formatter).  Falling back to next log system...
2022-05-18 18:14:39,221 - Trying to use logger class org.apache.velocity.runtime.log.Log4JLogChute
2022-05-18 18:14:39,221 - Using logger class org.apache.velocity.runtime.log.Log4JLogChute
2022-05-18 18:14:39,224 - ResourceLoader instantiated: org.apache.velocity.runtime.resource.loader.ClasspathResourceLoader
2022-05-18 18:14:39,232 - ResourceCache: initialized (class org.apache.velocity.runtime.resource.ResourceCacheImpl) with class java.util.Collections$SynchronizedMap cache map.
2022-05-18 18:14:39,234 - Loaded System Directive: org.apache.velocity.runtime.directive.Stop
2022-05-18 18:14:39,235 - Loaded System Directive: org.apache.velocity.runtime.directive.Define
2022-05-18 18:14:39,235 - Loaded System Directive: org.apache.velocity.runtime.directive.Break
2022-05-18 18:14:39,236 - Loaded System Directive: org.apache.velocity.runtime.directive.Evaluate
2022-05-18 18:14:39,236 - Loaded System Directive: org.apache.velocity.runtime.directive.Literal
2022-05-18 18:14:39,237 - Loaded System Directive: org.apache.velocity.runtime.directive.Macro
2022-05-18 18:14:39,238 - Loaded System Directive: org.apache.velocity.runtime.directive.Parse
2022-05-18 18:14:39,238 - Loaded System Directive: org.apache.velocity.runtime.directive.Include
2022-05-18 18:14:39,239 - Loaded System Directive: org.apache.velocity.runtime.directive.Foreach
2022-05-18 18:14:39,260 - Created '20' parsers.
2022-05-18 18:14:39,262 - Velocimacro : "velocimacro.library" is not set.  Trying default library: VM_global_library.vm
2022-05-18 18:14:39,263 - Could not load resource 'VM_global_library.vm' from ResourceLoader org.apache.velocity.runtime.resource.loader.ClasspathResourceLoader: ClasspathResourceLoader Error: cannot find resource VM_global_library.vm
2022-05-18 18:14:39,263 - Velocimacro : Default library not found.
2022-05-18 18:14:39,263 - Velocimacro : allowInline = true : VMs can be defined inline in templates
2022-05-18 18:14:39,263 - Velocimacro : allowInlineToOverride = false : VMs defined inline may NOT replace previous VM definitions
2022-05-18 18:14:39,263 - Velocimacro : allowInlineLocal = false : VMs defined inline will be global in scope if allowed.
2022-05-18 18:14:39,263 - Velocimacro : autoload off : VM system will not automatically reload global library macros
2022-05-18 18:14:39,327 - ResourceManager : found templates/generators/errorpage.vm with loader org.apache.velocity.runtime.resource.loader.ClasspathResourceLoader
2022-05-18 18:14:39,331 - ResourceManager : found /templates/headers.vm with loader org.apache.velocity.runtime.resource.loader.ClasspathResourceLoader
2022-05-18 18:14:39,332 - ResourceManager : found /templates/head.vm with loader org.apache.velocity.runtime.resource.loader.ClasspathResourceLoader
2022-05-18 18:14:39,333 - Velocimacro : added VM stringArray: source=/templates/macros/array.js.vm
2022-05-18 18:14:39,333 - Velocimacro : added VM numberArray: source=/templates/macros/array.js.vm
2022-05-18 18:14:39,333 - ResourceManager : found /templates/macros/array.js.vm with loader org.apache.velocity.runtime.resource.loader.ClasspathResourceLoader
2022-05-18 18:14:39,335 - Velocimacro : added VM includeBuildInfo: source=/templates/macros/page/buildinfo.vm
2022-05-18 18:14:39,335 - ResourceManager : found /templates/macros/page/buildinfo.vm with loader org.apache.velocity.runtime.resource.loader.ClasspathResourceLoader
2022-05-18 18:14:39,338 - Velocimacro : added VM includeClassifications: source=/templates/macros/page/classifications.vm
2022-05-18 18:14:39,338 - ResourceManager : found /templates/macros/page/classifications.vm with loader org.apache.velocity.runtime.resource.loader.ClasspathResourceLoader
2022-05-18 18:14:39,339 - Velocimacro : added VM includeLead: source=/templates/macros/page/lead.vm
2022-05-18 18:14:39,339 - ResourceManager : found /templates/macros/page/lead.vm with loader org.apache.velocity.runtime.resource.loader.ClasspathResourceLoader
2022-05-18 18:14:39,341 - Velocimacro : added VM includeNavigation: source=/templates/macros/page/navigation.vm
2022-05-18 18:14:39,341 - ResourceManager : found /templates/macros/page/navigation.vm with loader org.apache.velocity.runtime.resource.loader.ClasspathResourceLoader
2022-05-18 18:14:39,343 - Velocimacro : added VM includeReportInfo: source=/templates/macros/page/reportInfo.vm
2022-05-18 18:14:39,343 - ResourceManager : found /templates/macros/page/reportInfo.vm with loader org.apache.velocity.runtime.resource.loader.ClasspathResourceLoader
2022-05-18 18:14:39,343 - Velocimacro : added VM includeTitle: source=/templates/macros/page/title.vm
2022-05-18 18:14:39,343 - ResourceManager : found /templates/macros/page/title.vm with loader org.apache.velocity.runtime.resource.loader.ClasspathResourceLoader
2022-05-18 18:14:39,344 - Velocimacro : added VM includeExpandingButtons: source=/templates/macros/report/expandAllButtons.vm
2022-05-18 18:14:39,344 - ResourceManager : found /templates/macros/report/expandAllButtons.vm with loader org.apache.velocity.runtime.resource.loader.ClasspathResourceLoader
2022-05-18 18:14:39,346 - Velocimacro : added VM includeReportTable: source=/templates/macros/report/reportTable.vm
2022-05-18 18:14:39,346 - ResourceManager : found /templates/macros/report/reportTable.vm with loader org.apache.velocity.runtime.resource.loader.ClasspathResourceLoader
2022-05-18 18:14:39,347 - Velocimacro : added VM includeReportHeader: source=/templates/macros/report/reportHeader.vm
2022-05-18 18:14:39,347 - ResourceManager : found /templates/macros/report/reportHeader.vm with loader org.apache.velocity.runtime.resource.loader.ClasspathResourceLoader
2022-05-18 18:14:39,351 - Velocimacro : added VM includeStatsTable: source=/templates/macros/report/statsTable.vm
2022-05-18 18:14:39,351 - ResourceManager : found /templates/macros/report/statsTable.vm with loader org.apache.velocity.runtime.resource.loader.ClasspathResourceLoader
2022-05-18 18:14:39,352 - Velocimacro : added VM includeBrief: source=/templates/macros/json/brief.vm
2022-05-18 18:14:39,352 - ResourceManager : found /templates/macros/json/brief.vm with loader org.apache.velocity.runtime.resource.loader.ClasspathResourceLoader
2022-05-18 18:14:39,353 - Velocimacro : added VM includeDocString: source=/templates/macros/json/docstring.vm
2022-05-18 18:14:39,353 - ResourceManager : found /templates/macros/json/docstring.vm with loader org.apache.velocity.runtime.resource.loader.ClasspathResourceLoader
2022-05-18 18:14:39,353 - Velocimacro : added VM includeDuration: source=/templates/macros/json/duration.vm
2022-05-18 18:14:39,353 - ResourceManager : found /templates/macros/json/duration.vm with loader org.apache.velocity.runtime.resource.loader.ClasspathResourceLoader
2022-05-18 18:14:39,355 - Velocimacro : added VM includeElement: source=/templates/macros/json/element.vm
2022-05-18 18:14:39,356 - ResourceManager : found /templates/macros/json/element.vm with loader org.apache.velocity.runtime.resource.loader.ClasspathResourceLoader
2022-05-18 18:14:39,362 - Velocimacro : added VM includeEmbeddings: source=/templates/macros/json/embeddings.vm
2022-05-18 18:14:39,362 - Velocimacro : added VM includeHtmlEmbedding: source=/templates/macros/json/embeddings.vm
2022-05-18 18:14:39,362 - Velocimacro : added VM includeVideoEmbedding: source=/templates/macros/json/embeddings.vm
2022-05-18 18:14:39,362 - Velocimacro : added VM includeImageEmbedding: source=/templates/macros/json/embeddings.vm
2022-05-18 18:14:39,362 - Velocimacro : added VM includeImageReferenceEmbedding: source=/templates/macros/json/embeddings.vm
2022-05-18 18:14:39,362 - Velocimacro : added VM includeTextEmbedding: source=/templates/macros/json/embeddings.vm
2022-05-18 18:14:39,362 - Velocimacro : added VM includeUnknownEmbedding: source=/templates/macros/json/embeddings.vm
2022-05-18 18:14:39,362 - ResourceManager : found /templates/macros/json/embeddings.vm with loader org.apache.velocity.runtime.resource.loader.ClasspathResourceLoader
2022-05-18 18:14:39,364 - Velocimacro : added VM includeHooks: source=/templates/macros/json/hooks.vm
2022-05-18 18:14:39,364 - ResourceManager : found /templates/macros/json/hooks.vm with loader org.apache.velocity.runtime.resource.loader.ClasspathResourceLoader
2022-05-18 18:14:39,366 - Velocimacro : added VM includeOutput: source=/templates/macros/json/output.vm
2022-05-18 18:14:39,366 - ResourceManager : found /templates/macros/json/output.vm with loader org.apache.velocity.runtime.resource.loader.ClasspathResourceLoader
2022-05-18 18:14:39,366 - Velocimacro : added VM includeMessage: source=/templates/macros/json/message.vm
2022-05-18 18:14:39,367 - ResourceManager : found /templates/macros/json/message.vm with loader org.apache.velocity.runtime.resource.loader.ClasspathResourceLoader
2022-05-18 18:14:39,368 - Velocimacro : added VM includeSteps: source=/templates/macros/json/steps.vm
2022-05-18 18:14:39,368 - ResourceManager : found /templates/macros/json/steps.vm with loader org.apache.velocity.runtime.resource.loader.ClasspathResourceLoader
2022-05-18 18:14:39,369 - Velocimacro : added VM includeStepName: source=/templates/macros/json/stepName.vm
2022-05-18 18:14:39,369 - ResourceManager : found /templates/macros/json/stepName.vm with loader org.apache.velocity.runtime.resource.loader.ClasspathResourceLoader
2022-05-18 18:14:39,369 - Velocimacro : added VM includeTags: source=/templates/macros/json/tags.vm
2022-05-18 18:14:39,369 - ResourceManager : found /templates/macros/json/tags.vm with loader org.apache.velocity.runtime.resource.loader.ClasspathResourceLoader
2022-05-18 18:14:39,377 - VM #includeNavigation: too few arguments to macro. Wanted 1 got 0
2022-05-18 18:14:39,377 - Left side ($active_tab) of '==' operation has null value. If it is a reference, it may not be in the context or its toString() returned null. /templates/macros/page/navigation.vm[line 14, column 51]
2022-05-18 18:14:39,378 - Left side ($active_tab) of '==' operation has null value. If it is a reference, it may not be in the context or its toString() returned null. /templates/macros/page/navigation.vm[line 15, column 51]
2022-05-18 18:14:39,378 - Left side ($active_tab) of '==' operation has null value. If it is a reference, it may not be in the context or its toString() returned null. /templates/macros/page/navigation.vm[line 16, column 51]
2022-05-18 18:14:39,378 - Left side ($active_tab) of '==' operation has null value. If it is a reference, it may not be in the context or its toString() returned null. /templates/macros/page/navigation.vm[line 20, column 51]
2022-05-18 18:14:39,390 - ResourceManager : found /templates/footer.vm with loader org.apache.velocity.runtime.resource.loader.ClasspathResourceLoader
2022-05-18 18:15:47,232 - Log4JLogChute initialized using file 'target\velocity.log'
2022-05-18 18:15:47,232 - Initializing Velocity, Calling init()...
2022-05-18 18:15:47,232 - Starting Apache Velocity v1.7 (compiled: 2010-11-19 12:14:37)
2022-05-18 18:15:47,232 - Default Properties File: org\apache\velocity\runtime\defaults\velocity.properties
2022-05-18 18:15:47,232 - Trying to use logger class org.apache.velocity.runtime.log.AvalonLogChute
2022-05-18 18:15:47,232 - Target log system for org.apache.velocity.runtime.log.AvalonLogChute is not available (java.lang.NoClassDefFoundError: org/apache/log/format/Formatter).  Falling back to next log system...
2022-05-18 18:15:47,232 - Trying to use logger class org.apache.velocity.runtime.log.Log4JLogChute
2022-05-18 18:15:47,232 - Using logger class org.apache.velocity.runtime.log.Log4JLogChute
2022-05-18 18:15:47,234 - ResourceLoader instantiated: org.apache.velocity.runtime.resource.loader.ClasspathResourceLoader
2022-05-18 18:15:47,239 - ResourceCache: initialized (class org.apache.velocity.runtime.resource.ResourceCacheImpl) with class java.util.Collections$SynchronizedMap cache map.
2022-05-18 18:15:47,239 - Loaded System Directive: org.apache.velocity.runtime.directive.Stop
2022-05-18 18:15:47,240 - Loaded System Directive: org.apache.velocity.runtime.directive.Define
2022-05-18 18:15:47,240 - Loaded System Directive: org.apache.velocity.runtime.directive.Break
2022-05-18 18:15:47,240 - Loaded System Directive: org.apache.velocity.runtime.directive.Evaluate
2022-05-18 18:15:47,241 - Loaded System Directive: org.apache.velocity.runtime.directive.Literal
2022-05-18 18:15:47,241 - Loaded System Directive: org.apache.velocity.runtime.directive.Macro
2022-05-18 18:15:47,242 - Loaded System Directive: org.apache.velocity.runtime.directive.Parse
2022-05-18 18:15:47,242 - Loaded System Directive: org.apache.velocity.runtime.directive.Include
2022-05-18 18:15:47,243 - Loaded System Directive: org.apache.velocity.runtime.directive.Foreach
2022-05-18 18:15:47,256 - Created '20' parsers.
2022-05-18 18:15:47,258 - Velocimacro : "velocimacro.library" is not set.  Trying default library: VM_global_library.vm
2022-05-18 18:15:47,258 - Could not load resource 'VM_global_library.vm' from ResourceLoader org.apache.velocity.runtime.resource.loader.ClasspathResourceLoader: ClasspathResourceLoader Error: cannot find resource VM_global_library.vm
2022-05-18 18:15:47,258 - Velocimacro : Default library not found.
2022-05-18 18:15:47,259 - Velocimacro : allowInline = true : VMs can be defined inline in templates
2022-05-18 18:15:47,259 - Velocimacro : allowInlineToOverride = false : VMs defined inline may NOT replace previous VM definitions
2022-05-18 18:15:47,259 - Velocimacro : allowInlineLocal = false : VMs defined inline will be global in scope if allowed.
2022-05-18 18:15:47,259 - Velocimacro : autoload off : VM system will not automatically reload global library macros
2022-05-18 18:15:47,302 - ResourceManager : found templates/generators/errorpage.vm with loader org.apache.velocity.runtime.resource.loader.ClasspathResourceLoader
2022-05-18 18:15:47,305 - ResourceManager : found /templates/headers.vm with loader org.apache.velocity.runtime.resource.loader.ClasspathResourceLoader
2022-05-18 18:15:47,306 - ResourceManager : found /templates/head.vm with loader org.apache.velocity.runtime.resource.loader.ClasspathResourceLoader
2022-05-18 18:15:47,307 - Velocimacro : added VM stringArray: source=/templates/macros/array.js.vm
2022-05-18 18:15:47,307 - Velocimacro : added VM numberArray: source=/templates/macros/array.js.vm
2022-05-18 18:15:47,307 - ResourceManager : found /templates/macros/array.js.vm with loader org.apache.velocity.runtime.resource.loader.ClasspathResourceLoader
2022-05-18 18:15:47,308 - Velocimacro : added VM includeBuildInfo: source=/templates/macros/page/buildinfo.vm
2022-05-18 18:15:47,308 - ResourceManager : found /templates/macros/page/buildinfo.vm with loader org.apache.velocity.runtime.resource.loader.ClasspathResourceLoader
2022-05-18 18:15:47,310 - Velocimacro : added VM includeClassifications: source=/templates/macros/page/classifications.vm
2022-05-18 18:15:47,310 - ResourceManager : found /templates/macros/page/classifications.vm with loader org.apache.velocity.runtime.resource.loader.ClasspathResourceLoader
2022-05-18 18:15:47,310 - Velocimacro : added VM includeLead: source=/templates/macros/page/lead.vm
2022-05-18 18:15:47,310 - ResourceManager : found /templates/macros/page/lead.vm with loader org.apache.velocity.runtime.resource.loader.ClasspathResourceLoader
2022-05-18 18:15:47,311 - Velocimacro : added VM includeNavigation: source=/templates/macros/page/navigation.vm
2022-05-18 18:15:47,311 - ResourceManager : found /templates/macros/page/navigation.vm with loader org.apache.velocity.runtime.resource.loader.ClasspathResourceLoader
2022-05-18 18:15:47,312 - Velocimacro : added VM includeReportInfo: source=/templates/macros/page/reportInfo.vm
2022-05-18 18:15:47,312 - ResourceManager : found /templates/macros/page/reportInfo.vm with loader org.apache.velocity.runtime.resource.loader.ClasspathResourceLoader
2022-05-18 18:15:47,313 - Velocimacro : added VM includeTitle: source=/templates/macros/page/title.vm
2022-05-18 18:15:47,313 - ResourceManager : found /templates/macros/page/title.vm with loader org.apache.velocity.runtime.resource.loader.ClasspathResourceLoader
2022-05-18 18:15:47,313 - Velocimacro : added VM includeExpandingButtons: source=/templates/macros/report/expandAllButtons.vm
2022-05-18 18:15:47,313 - ResourceManager : found /templates/macros/report/expandAllButtons.vm with loader org.apache.velocity.runtime.resource.loader.ClasspathResourceLoader
2022-05-18 18:15:47,315 - Velocimacro : added VM includeReportTable: source=/templates/macros/report/reportTable.vm
2022-05-18 18:15:47,315 - ResourceManager : found /templates/macros/report/reportTable.vm with loader org.apache.velocity.runtime.resource.loader.ClasspathResourceLoader
2022-05-18 18:15:47,316 - Velocimacro : added VM includeReportHeader: source=/templates/macros/report/reportHeader.vm
2022-05-18 18:15:47,316 - ResourceManager : found /templates/macros/report/reportHeader.vm with loader org.apache.velocity.runtime.resource.loader.ClasspathResourceLoader
2022-05-18 18:15:47,318 - Velocimacro : added VM includeStatsTable: source=/templates/macros/report/statsTable.vm
2022-05-18 18:15:47,318 - ResourceManager : found /templates/macros/report/statsTable.vm with loader org.apache.velocity.runtime.resource.loader.ClasspathResourceLoader
2022-05-18 18:15:47,318 - Velocimacro : added VM includeBrief: source=/templates/macros/json/brief.vm
2022-05-18 18:15:47,318 - ResourceManager : found /templates/macros/json/brief.vm with loader org.apache.velocity.runtime.resource.loader.ClasspathResourceLoader
2022-05-18 18:15:47,319 - Velocimacro : added VM includeDocString: source=/templates/macros/json/docstring.vm
2022-05-18 18:15:47,319 - ResourceManager : found /templates/macros/json/docstring.vm with loader org.apache.velocity.runtime.resource.loader.ClasspathResourceLoader
2022-05-18 18:15:47,319 - Velocimacro : added VM includeDuration: source=/templates/macros/json/duration.vm
2022-05-18 18:15:47,319 - ResourceManager : found /templates/macros/json/duration.vm with loader org.apache.velocity.runtime.resource.loader.ClasspathResourceLoader
2022-05-18 18:15:47,321 - Velocimacro : added VM includeElement: source=/templates/macros/json/element.vm
2022-05-18 18:15:47,321 - ResourceManager : found /templates/macros/json/element.vm with loader org.apache.velocity.runtime.resource.loader.ClasspathResourceLoader
2022-05-18 18:15:47,327 - Velocimacro : added VM includeEmbeddings: source=/templates/macros/json/embeddings.vm
2022-05-18 18:15:47,327 - Velocimacro : added VM includeHtmlEmbedding: source=/templates/macros/json/embeddings.vm
2022-05-18 18:15:47,327 - Velocimacro : added VM includeVideoEmbedding: source=/templates/macros/json/embeddings.vm
2022-05-18 18:15:47,327 - Velocimacro : added VM includeImageEmbedding: source=/templates/macros/json/embeddings.vm
2022-05-18 18:15:47,327 - Velocimacro : added VM includeImageReferenceEmbedding: source=/templates/macros/json/embeddings.vm
2022-05-18 18:15:47,327 - Velocimacro : added VM includeTextEmbedding: source=/templates/macros/json/embeddings.vm
2022-05-18 18:15:47,328 - Velocimacro : added VM includeUnknownEmbedding: source=/templates/macros/json/embeddings.vm
2022-05-18 18:15:47,328 - ResourceManager : found /templates/macros/json/embeddings.vm with loader org.apache.velocity.runtime.resource.loader.ClasspathResourceLoader
2022-05-18 18:15:47,329 - Velocimacro : added VM includeHooks: source=/templates/macros/json/hooks.vm
2022-05-18 18:15:47,329 - ResourceManager : found /templates/macros/json/hooks.vm with loader org.apache.velocity.runtime.resource.loader.ClasspathResourceLoader
2022-05-18 18:15:47,330 - Velocimacro : added VM includeOutput: source=/templates/macros/json/output.vm
2022-05-18 18:15:47,330 - ResourceManager : found /templates/macros/json/output.vm with loader org.apache.velocity.runtime.resource.loader.ClasspathResourceLoader
2022-05-18 18:15:47,330 - Velocimacro : added VM includeMessage: source=/templates/macros/json/message.vm
2022-05-18 18:15:47,330 - ResourceManager : found /templates/macros/json/message.vm with loader org.apache.velocity.runtime.resource.loader.ClasspathResourceLoader
2022-05-18 18:15:47,331 - Velocimacro : added VM includeSteps: source=/templates/macros/json/steps.vm
2022-05-18 18:15:47,331 - ResourceManager : found /templates/macros/json/steps.vm with loader org.apache.velocity.runtime.resource.loader.ClasspathResourceLoader
2022-05-18 18:15:47,331 - Velocimacro : added VM includeStepName: source=/templates/macros/json/stepName.vm
2022-05-18 18:15:47,332 - ResourceManager : found /templates/macros/json/stepName.vm with loader org.apache.velocity.runtime.resource.loader.ClasspathResourceLoader
2022-05-18 18:15:47,332 - Velocimacro : added VM includeTags: source=/templates/macros/json/tags.vm
2022-05-18 18:15:47,332 - ResourceManager : found /templates/macros/json/tags.vm with loader org.apache.velocity.runtime.resource.loader.ClasspathResourceLoader
2022-05-18 18:15:47,336 - VM #includeNavigation: too few arguments to macro. Wanted 1 got 0
2022-05-18 18:15:47,336 - Left side ($active_tab) of '==' operation has null value. If it is a reference, it may not be in the context or its toString() returned null. /templates/macros/page/navigation.vm[line 14, column 51]
2022-05-18 18:15:47,336 - Left side ($active_tab) of '==' operation has null value. If it is a reference, it may not be in the context or its toString() returned null. /templates/macros/page/navigation.vm[line 15, column 51]
2022-05-18 18:15:47,336 - Left side ($active_tab) of '==' operation has null value. If it is a reference, it may not be in the context or its toString() returned null. /templates/macros/page/navigation.vm[line 16, column 51]
2022-05-18 18:15:47,336 - Left side ($active_tab) of '==' operation has null value. If it is a reference, it may not be in the context or its toString() returned null. /templates/macros/page/navigation.vm[line 20, column 51]
2022-05-18 18:15:47,346 - ResourceManager : found /templates/footer.vm with loader org.apache.velocity.runtime.resource.loader.ClasspathResourceLoader
2022-05-23 10:16:41,454 - Log4JLogChute initialized using file 'target\velocity.log'
2022-05-23 10:16:41,454 - Initializing Velocity, Calling init()...
2022-05-23 10:16:41,454 - Starting Apache Velocity v1.7 (compiled: 2010-11-19 12:14:37)
2022-05-23 10:16:41,454 - Default Properties File: org\apache\velocity\runtime\defaults\velocity.properties
2022-05-23 10:16:41,454 - Trying to use logger class org.apache.velocity.runtime.log.AvalonLogChute
2022-05-23 10:16:41,454 - Target log system for org.apache.velocity.runtime.log.AvalonLogChute is not available (java.lang.NoClassDefFoundError: org/apache/log/format/Formatter).  Falling back to next log system...
2022-05-23 10:16:41,454 - Trying to use logger class org.apache.velocity.runtime.log.Log4JLogChute
2022-05-23 10:16:41,454 - Using logger class org.apache.velocity.runtime.log.Log4JLogChute
2022-05-23 10:16:41,456 - ResourceLoader instantiated: org.apache.velocity.runtime.resource.loader.ClasspathResourceLoader
2022-05-23 10:16:41,464 - ResourceCache: initialized (class org.apache.velocity.runtime.resource.ResourceCacheImpl) with class java.util.Collections$SynchronizedMap cache map.
2022-05-23 10:16:41,465 - Loaded System Directive: org.apache.velocity.runtime.directive.Stop
2022-05-23 10:16:41,466 - Loaded System Directive: org.apache.velocity.runtime.directive.Define
2022-05-23 10:16:41,466 - Loaded System Directive: org.apache.velocity.runtime.directive.Break
2022-05-23 10:16:41,466 - Loaded System Directive: org.apache.velocity.runtime.directive.Evaluate
2022-05-23 10:16:41,467 - Loaded System Directive: org.apache.velocity.runtime.directive.Literal
2022-05-23 10:16:41,467 - Loaded System Directive: org.apache.velocity.runtime.directive.Macro
2022-05-23 10:16:41,468 - Loaded System Directive: org.apache.velocity.runtime.directive.Parse
2022-05-23 10:16:41,468 - Loaded System Directive: org.apache.velocity.runtime.directive.Include
2022-05-23 10:16:41,469 - Loaded System Directive: org.apache.velocity.runtime.directive.Foreach
2022-05-23 10:16:41,485 - Created '20' parsers.
2022-05-23 10:16:41,487 - Velocimacro : "velocimacro.library" is not set.  Trying default library: VM_global_library.vm
2022-05-23 10:16:41,487 - Could not load resource 'VM_global_library.vm' from ResourceLoader org.apache.velocity.runtime.resource.loader.ClasspathResourceLoader: ClasspathResourceLoader Error: cannot find resource VM_global_library.vm
2022-05-23 10:16:41,487 - Velocimacro : Default library not found.
2022-05-23 10:16:41,487 - Velocimacro : allowInline = true : VMs can be defined inline in templates
2022-05-23 10:16:41,487 - Velocimacro : allowInlineToOverride = false : VMs defined inline may NOT replace previous VM definitions
2022-05-23 10:16:41,487 - Velocimacro : allowInlineLocal = false : VMs defined inline will be global in scope if allowed.
2022-05-23 10:16:41,487 - Velocimacro : autoload off : VM system will not automatically reload global library macros
2022-05-23 10:16:41,552 - ResourceManager : found templates/generators/errorpage.vm with loader org.apache.velocity.runtime.resource.loader.ClasspathResourceLoader
2022-05-23 10:16:41,555 - ResourceManager : found /templates/headers.vm with loader org.apache.velocity.runtime.resource.loader.ClasspathResourceLoader
2022-05-23 10:16:41,555 - ResourceManager : found /templates/head.vm with loader org.apache.velocity.runtime.resource.loader.ClasspathResourceLoader
2022-05-23 10:16:41,556 - Velocimacro : added VM stringArray: source=/templates/macros/array.js.vm
2022-05-23 10:16:41,556 - Velocimacro : added VM numberArray: source=/templates/macros/array.js.vm
2022-05-23 10:16:41,556 - ResourceManager : found /templates/macros/array.js.vm with loader org.apache.velocity.runtime.resource.loader.ClasspathResourceLoader
2022-05-23 10:16:41,559 - Velocimacro : added VM includeBuildInfo: source=/templates/macros/page/buildinfo.vm
2022-05-23 10:16:41,559 - ResourceManager : found /templates/macros/page/buildinfo.vm with loader org.apache.velocity.runtime.resource.loader.ClasspathResourceLoader
2022-05-23 10:16:41,560 - Velocimacro : added VM includeClassifications: source=/templates/macros/page/classifications.vm
2022-05-23 10:16:41,560 - ResourceManager : found /templates/macros/page/classifications.vm with loader org.apache.velocity.runtime.resource.loader.ClasspathResourceLoader
2022-05-23 10:16:41,560 - Velocimacro : added VM includeLead: source=/templates/macros/page/lead.vm
2022-05-23 10:16:41,560 - ResourceManager : found /templates/macros/page/lead.vm with loader org.apache.velocity.runtime.resource.loader.ClasspathResourceLoader
2022-05-23 10:16:41,562 - Velocimacro : added VM includeNavigation: source=/templates/macros/page/navigation.vm
2022-05-23 10:16:41,562 - ResourceManager : found /templates/macros/page/navigation.vm with loader org.apache.velocity.runtime.resource.loader.ClasspathResourceLoader
2022-05-23 10:16:41,564 - Velocimacro : added VM includeReportInfo: source=/templates/macros/page/reportInfo.vm
2022-05-23 10:16:41,564 - ResourceManager : found /templates/macros/page/reportInfo.vm with loader org.apache.velocity.runtime.resource.loader.ClasspathResourceLoader
2022-05-23 10:16:41,564 - Velocimacro : added VM includeTitle: source=/templates/macros/page/title.vm
2022-05-23 10:16:41,564 - ResourceManager : found /templates/macros/page/title.vm with loader org.apache.velocity.runtime.resource.loader.ClasspathResourceLoader
2022-05-23 10:16:41,565 - Velocimacro : added VM includeExpandingButtons: source=/templates/macros/report/expandAllButtons.vm
2022-05-23 10:16:41,565 - ResourceManager : found /templates/macros/report/expandAllButtons.vm with loader org.apache.velocity.runtime.resource.loader.ClasspathResourceLoader
2022-05-23 10:16:41,567 - Velocimacro : added VM includeReportTable: source=/templates/macros/report/reportTable.vm
2022-05-23 10:16:41,567 - ResourceManager : found /templates/macros/report/reportTable.vm with loader org.apache.velocity.runtime.resource.loader.ClasspathResourceLoader
2022-05-23 10:16:41,568 - Velocimacro : added VM includeReportHeader: source=/templates/macros/report/reportHeader.vm
2022-05-23 10:16:41,568 - ResourceManager : found /templates/macros/report/reportHeader.vm with loader org.apache.velocity.runtime.resource.loader.ClasspathResourceLoader
2022-05-23 10:16:41,572 - Velocimacro : added VM includeStatsTable: source=/templates/macros/report/statsTable.vm
2022-05-23 10:16:41,572 - ResourceManager : found /templates/macros/report/statsTable.vm with loader org.apache.velocity.runtime.resource.loader.ClasspathResourceLoader
2022-05-23 10:16:41,572 - Velocimacro : added VM includeBrief: source=/templates/macros/json/brief.vm
2022-05-23 10:16:41,572 - ResourceManager : found /templates/macros/json/brief.vm with loader org.apache.velocity.runtime.resource.loader.ClasspathResourceLoader
2022-05-23 10:16:41,573 - Velocimacro : added VM includeDocString: source=/templates/macros/json/docstring.vm
2022-05-23 10:16:41,573 - ResourceManager : found /templates/macros/json/docstring.vm with loader org.apache.velocity.runtime.resource.loader.ClasspathResourceLoader
2022-05-23 10:16:41,574 - Velocimacro : added VM includeDuration: source=/templates/macros/json/duration.vm
2022-05-23 10:16:41,574 - ResourceManager : found /templates/macros/json/duration.vm with loader org.apache.velocity.runtime.resource.loader.ClasspathResourceLoader
2022-05-23 10:16:41,579 - Velocimacro : added VM includeElement: source=/templates/macros/json/element.vm
2022-05-23 10:16:41,579 - ResourceManager : found /templates/macros/json/element.vm with loader org.apache.velocity.runtime.resource.loader.ClasspathResourceLoader
2022-05-23 10:16:41,584 - Velocimacro : added VM includeEmbeddings: source=/templates/macros/json/embeddings.vm
2022-05-23 10:16:41,585 - Velocimacro : added VM includeHtmlEmbedding: source=/templates/macros/json/embeddings.vm
2022-05-23 10:16:41,585 - Velocimacro : added VM includeVideoEmbedding: source=/templates/macros/json/embeddings.vm
2022-05-23 10:16:41,585 - Velocimacro : added VM includeImageEmbedding: source=/templates/macros/json/embeddings.vm
2022-05-23 10:16:41,585 - Velocimacro : added VM includeImageReferenceEmbedding: source=/templates/macros/json/embeddings.vm
2022-05-23 10:16:41,585 - Velocimacro : added VM includeTextEmbedding: source=/templates/macros/json/embeddings.vm
2022-05-23 10:16:41,585 - Velocimacro : added VM includeUnknownEmbedding: source=/templates/macros/json/embeddings.vm
2022-05-23 10:16:41,585 - ResourceManager : found /templates/macros/json/embeddings.vm with loader org.apache.velocity.runtime.resource.loader.ClasspathResourceLoader
2022-05-23 10:16:41,586 - Velocimacro : added VM includeHooks: source=/templates/macros/json/hooks.vm
2022-05-23 10:16:41,586 - ResourceManager : found /templates/macros/json/hooks.vm with loader org.apache.velocity.runtime.resource.loader.ClasspathResourceLoader
2022-05-23 10:16:41,588 - Velocimacro : added VM includeOutput: source=/templates/macros/json/output.vm
2022-05-23 10:16:41,588 - ResourceManager : found /templates/macros/json/output.vm with loader org.apache.velocity.runtime.resource.loader.ClasspathResourceLoader
2022-05-23 10:16:41,588 - Velocimacro : added VM includeMessage: source=/templates/macros/json/message.vm
2022-05-23 10:16:41,588 - ResourceManager : found /templates/macros/json/message.vm with loader org.apache.velocity.runtime.resource.loader.ClasspathResourceLoader
2022-05-23 10:16:41,589 - Velocimacro : added VM includeSteps: source=/templates/macros/json/steps.vm
2022-05-23 10:16:41,589 - ResourceManager : found /templates/macros/json/steps.vm with loader org.apache.velocity.runtime.resource.loader.ClasspathResourceLoader
2022-05-23 10:16:41,589 - Velocimacro : added VM includeStepName: source=/templates/macros/json/stepName.vm
2022-05-23 10:16:41,590 - ResourceManager : found /templates/macros/json/stepName.vm with loader org.apache.velocity.runtime.resource.loader.ClasspathResourceLoader
2022-05-23 10:16:41,591 - Velocimacro : added VM includeTags: source=/templates/macros/json/tags.vm
2022-05-23 10:16:41,591 - ResourceManager : found /templates/macros/json/tags.vm with loader org.apache.velocity.runtime.resource.loader.ClasspathResourceLoader
2022-05-23 10:16:41,596 - VM #includeNavigation: too few arguments to macro. Wanted 1 got 0
2022-05-23 10:16:41,598 - Left side ($active_tab) of '==' operation has null value. If it is a reference, it may not be in the context or its toString() returned null. /templates/macros/page/navigation.vm[line 14, column 51]
2022-05-23 10:16:41,598 - Left side ($active_tab) of '==' operation has null value. If it is a reference, it may not be in the context or its toString() returned null. /templates/macros/page/navigation.vm[line 15, column 51]
2022-05-23 10:16:41,598 - Left side ($active_tab) of '==' operation has null value. If it is a reference, it may not be in the context or its toString() returned null. /templates/macros/page/navigation.vm[line 16, column 51]
2022-05-23 10:16:41,598 - Left side ($active_tab) of '==' operation has null value. If it is a reference, it may not be in the context or its toString() returned null. /templates/macros/page/navigation.vm[line 20, column 51]
2022-05-23 10:16:41,616 - ResourceManager : found /templates/footer.vm with loader org.apache.velocity.runtime.resource.loader.ClasspathResourceLoader
